<?xml version="1.0" encoding="UTF-8"?>
<!-- Generated by org.testng.reporters.JUnitReportReporter -->
<testsuite hostname="F845DTRV" name="newpack.myCIDBankruptcy" tests="1" failures="0" timestamp="13 Dec 2019 04:43:01 GMT" time="347.351" errors="0">
  <testcase name="myCIDBankruptcyViewResults" time="347.351" classname="newpack.myCIDBankruptcy"/>
</testsuite> <!-- newpack.myCIDBankruptcy -->
