<?xml version="1.0" encoding="UTF-8"?>
<!-- Generated by org.testng.reporters.JUnitReportReporter -->
<testsuite hostname="F845DTRV" name="newpack.myCIDBusiness" tests="1" failures="0" timestamp="13 Dec 2019 05:16:49 GMT" time="203.017" errors="0">
  <testcase name="myCIDBusinessViewResults" time="203.017" classname="newpack.myCIDBusiness"/>
</testsuite> <!-- newpack.myCIDBusiness -->
