<?xml version="1.0" encoding="UTF-8"?>
<!-- Generated by org.testng.reporters.JUnitReportReporter -->
<testsuite hostname="F845DTRV" name="newpack.myLawlinkWatchlist" tests="1" failures="0" timestamp="5 Dec 2019 06:59:11 GMT" time="14.066" errors="0">
  <testcase name="myLawlinkWatchlistViewResults" time="14.066" classname="newpack.myLawlinkWatchlist"/>
</testsuite> <!-- newpack.myLawlinkWatchlist -->
