<?xml version="1.0" encoding="UTF-8"?>
<!-- Generated by org.testng.reporters.JUnitReportReporter -->
<testsuite hostname="F845DTRV" name="newpack.testngsample" tests="1" failures="0" timestamp="29 Nov 2019 05:51:18 GMT" time="14.228" errors="0">
  <testcase name="verifyHomepageTitle" time="14.228" classname="newpack.testngsample"/>
</testsuite> <!-- newpack.testngsample -->
