<?xml version="1.0" encoding="UTF-8"?>
<!-- Generated by org.testng.reporters.JUnitReportReporter -->
<testsuite hostname="F845DTRV" name="newpack.myCIDCompany" tests="1" failures="0" timestamp="13 Dec 2019 05:42:49 GMT" time="205.023" errors="0">
  <testcase name="myCIDCompanyViewResults" time="205.023" classname="newpack.myCIDCompany"/>
</testsuite> <!-- newpack.myCIDCompany -->
