<?xml version="1.0" encoding="UTF-8"?>
<!-- Generated by org.testng.reporters.JUnitReportReporter -->
<testsuite hostname="F845DTRV" name="newpack.myCIDWatchlist" tests="1" failures="0" timestamp="13 Dec 2019 10:00:57 GMT" time="197.278" errors="0">
  <testcase name="myCIDWatchlistViewResults" time="197.278" classname="newpack.myCIDWatchlist"/>
</testsuite> <!-- newpack.myCIDWatchlist -->
