<?xml version="1.0" encoding="UTF-8"?>
<!-- Generated by org.testng.reporters.JUnitReportReporter -->
<testsuite hostname="F845DTRV" name="newpack.TestNGLawLinkClosingOnlineOffline" tests="1" failures="0" timestamp="29 Nov 2019 08:53:33 GMT" time="625.041" errors="0">
  <testcase name="TestNGOnOFF" time="625.041" classname="newpack.TestNGLawLinkClosingOnlineOffline"/>
</testsuite> <!-- newpack.TestNGLawLinkClosingOnlineOffline -->
