<?xml version="1.0" encoding="UTF-8"?>
<!-- Generated by org.testng.reporters.JUnitReportReporter -->
<testsuite hostname="F845DTRV" name="newpack.myLawlinkReceiverOfFine" tests="1" failures="0" timestamp="10 Dec 2019 07:20:54 GMT" time="591.430" errors="0">
  <testcase name="myLawlinkReceiverOfFineViewResults" time="591.430" classname="newpack.myLawlinkReceiverOfFine"/>
</testsuite> <!-- newpack.myLawlinkReceiverOfFine -->
