<?xml version="1.0" encoding="UTF-8"?>
<!-- Generated by org.testng.reporters.JUnitReportReporter -->
<testsuite hostname="F845DTRV" name="newpack.myLawlinkCompany" tests="1" failures="0" timestamp="4 Dec 2019 10:51:54 GMT" time="20.410" errors="0">
  <testcase name="myLawlinkCompanyViewResults" time="20.410" classname="newpack.myLawlinkCompany"/>
</testsuite> <!-- newpack.myLawlinkCompany -->
