<?xml version="1.0" encoding="UTF-8"?>
<!-- Generated by org.testng.reporters.JUnitReportReporter -->
<testsuite hostname="F845DTRV" name="newpack.POMLawLinkClosingOnlineOffline" tests="1" failures="0" timestamp="12 Dec 2019 06:07:59 GMT" time="69.856" errors="0">
  <testcase name="myLawLinkClosingOnlineOfflineViewResults" time="69.856" classname="newpack.POMLawLinkClosingOnlineOffline"/>
</testsuite> <!-- newpack.POMLawLinkClosingOnlineOffline -->
