<?xml version="1.0" encoding="UTF-8"?>
<!-- Generated by org.testng.reporters.JUnitReportReporter -->
<testsuite hostname="F845DTRV" name="newpack.myCIDISIStandalone" tests="1" failures="0" timestamp="13 Dec 2019 06:53:52 GMT" time="401.464" errors="0">
  <testcase name="myCIDBankruptcyViewResults" time="401.464" classname="newpack.myCIDISIStandalone"/>
</testsuite> <!-- newpack.myCIDISIStandalone -->
