<?xml version="1.0" encoding="UTF-8"?>
<!-- Generated by org.testng.reporters.JUnitReportReporter -->
<testsuite hostname="F845DTRV" name="newpack.myLawLinkClosingOnlineOffline" tests="1" failures="0" timestamp="11 Dec 2019 12:24:48 GMT" time="670.887" errors="0">
  <testcase name="myLawLinkClosingOnlineOfflineViewResults" time="670.887" classname="newpack.myLawLinkClosingOnlineOffline"/>
</testsuite> <!-- newpack.myLawLinkClosingOnlineOffline -->
