<?xml version="1.0" encoding="UTF-8"?>
<!-- Generated by org.testng.reporters.JUnitReportReporter -->
<testsuite hostname="F845DTRV" name="newpack.myLawlinkISIStandalone" tests="1" failures="0" timestamp="12 Dec 2019 10:13:57 GMT" time="380.039" errors="0">
  <testcase name="myLawlinkBankruptcyViewResults" time="380.039" classname="newpack.myLawlinkISIStandalone"/>
</testsuite> <!-- newpack.myLawlinkISIStandalone -->
